TN:
SF:server.js
FN:51,(anonymous_0)
FN:56,(anonymous_1)
FN:65,(anonymous_2)
FN:79,(anonymous_3)
FNF:4
FNH:0
FNDA:0,(anonymous_0)
FNDA:0,(anonymous_1)
FNDA:0,(anonymous_2)
FNDA:0,(anonymous_3)
DA:1,2
DA:2,2
DA:3,2
DA:4,2
DA:5,2
DA:6,2
DA:7,2
DA:10,2
DA:11,2
DA:17,2
DA:18,2
DA:19,2
DA:22,2
DA:25,2
DA:28,2
DA:29,2
DA:32,2
DA:35,2
DA:36,2
DA:37,2
DA:38,2
DA:39,2
DA:40,2
DA:41,2
DA:42,2
DA:43,2
DA:44,2
DA:45,2
DA:46,2
DA:47,2
DA:48,2
DA:51,2
DA:52,0
DA:56,2
DA:57,0
DA:65,2
DA:66,0
DA:67,0
DA:75,2
DA:78,2
DA:79,0
DA:80,0
DA:81,0
LF:43
LH:36
BRDA:19,0,0,2
BRDA:19,0,1,0
BRDA:70,1,0,0
BRDA:70,1,1,0
BRDA:78,2,0,0
BRDA:78,2,1,2
BRF:6
BRH:2
end_of_record
TN:
SF:config/database.js
FN:3,(anonymous_0)
FNF:1
FNH:1
FNDA:2,(anonymous_0)
DA:1,2
DA:3,2
DA:4,2
DA:5,2
DA:7,2
DA:13,1
DA:14,1
DA:16,0
DA:17,0
DA:21,2
LF:10
LH:8
BRDA:5,0,0,2
BRDA:5,0,1,0
BRF:2
BRH:1
end_of_record
TN:
SF:controllers/agentController.js
FN:7,(anonymous_0)
FN:50,(anonymous_1)
FN:78,(anonymous_2)
FN:92,(anonymous_3)
FN:118,(anonymous_4)
FN:142,(anonymous_5)
FN:161,(anonymous_6)
FN:190,(anonymous_7)
FN:220,(anonymous_8)
FN:271,(anonymous_9)
FNF:10
FNH:0
FNDA:0,(anonymous_0)
FNDA:0,(anonymous_1)
FNDA:0,(anonymous_2)
FNDA:0,(anonymous_3)
FNDA:0,(anonymous_4)
FNDA:0,(anonymous_5)
FNDA:0,(anonymous_6)
FNDA:0,(anonymous_7)
FNDA:0,(anonymous_8)
FNDA:0,(anonymous_9)
DA:1,2
DA:2,2
DA:7,2
DA:8,0
DA:9,0
DA:12,0
DA:13,0
DA:16,0
DA:17,0
DA:20,0
DA:22,0
DA:28,0
DA:30,0
DA:39,0
DA:50,2
DA:51,0
DA:52,0
DA:55,0
DA:56,0
DA:62,0
DA:67,0
DA:78,2
DA:79,0
DA:80,0
DA:83,0
DA:86,0
DA:91,0
DA:92,0
DA:93,0
DA:100,0
DA:101,0
DA:107,0
DA:118,2
DA:119,0
DA:120,0
DA:129,0
DA:130,0
DA:136,0
DA:141,0
DA:142,0
DA:143,0
DA:150,0
DA:161,2
DA:162,0
DA:163,0
DA:165,0
DA:166,0
DA:172,0
DA:174,0
DA:179,0
DA:190,2
DA:191,0
DA:192,0
DA:194,0
DA:195,0
DA:201,0
DA:203,0
DA:209,0
DA:220,2
DA:221,0
DA:222,0
DA:224,0
DA:225,0
DA:231,0
DA:232,0
DA:233,0
DA:239,0
DA:240,0
DA:246,0
DA:247,0
DA:253,0
DA:259,0
DA:260,0
DA:271,2
DA:272,0
DA:273,0
DA:275,0
DA:276,0
DA:277,0
DA:283,0
DA:284,0
DA:291,0
DA:293,0
DA:299,0
DA:300,0
DA:308,2
LF:86
LH:11
BRDA:9,0,0,0
BRDA:9,1,0,0
BRDA:9,2,0,0
BRDA:9,3,0,0
BRDA:13,4,0,0
BRDA:13,4,1,0
BRDA:17,5,0,0
BRDA:17,5,1,0
BRDA:42,6,0,0
BRDA:42,6,1,0
BRDA:55,7,0,0
BRDA:55,7,1,0
BRDA:70,8,0,0
BRDA:70,8,1,0
BRDA:91,9,0,0
BRDA:91,9,1,0
BRDA:100,10,0,0
BRDA:100,10,1,0
BRDA:110,11,0,0
BRDA:110,11,1,0
BRDA:129,12,0,0
BRDA:129,12,1,0
BRDA:141,13,0,0
BRDA:141,13,1,0
BRDA:153,14,0,0
BRDA:153,14,1,0
BRDA:165,15,0,0
BRDA:165,15,1,0
BRDA:182,16,0,0
BRDA:182,16,1,0
BRDA:194,17,0,0
BRDA:194,17,1,0
BRDA:201,18,0,0
BRDA:201,18,1,0
BRDA:212,19,0,0
BRDA:212,19,1,0
BRDA:224,20,0,0
BRDA:224,20,1,0
BRDA:232,21,0,0
BRDA:232,21,1,0
BRDA:239,22,0,0
BRDA:239,22,1,0
BRDA:263,23,0,0
BRDA:263,23,1,0
BRDA:273,24,0,0
BRDA:276,25,0,0
BRDA:276,25,1,0
BRDA:283,26,0,0
BRDA:283,26,1,0
BRDA:303,27,0,0
BRDA:303,27,1,0
BRF:51
BRH:0
end_of_record
TN:
SF:controllers/bookingController.js
FN:12,(anonymous_0)
FN:307,(anonymous_1)
FN:326,(anonymous_2)
FN:372,(anonymous_3)
FN:385,(anonymous_4)
FN:406,(anonymous_5)
FNF:6
FNH:0
FNDA:0,(anonymous_0)
FNDA:0,(anonymous_1)
FNDA:0,(anonymous_2)
FNDA:0,(anonymous_3)
FNDA:0,(anonymous_4)
FNDA:0,(anonymous_5)
DA:1,2
DA:2,2
DA:3,2
DA:4,2
DA:5,2
DA:6,2
DA:7,2
DA:12,2
DA:13,0
DA:14,0
DA:16,0
DA:32,0
DA:35,0
DA:36,0
DA:43,0
DA:44,0
DA:45,0
DA:52,0
DA:53,0
DA:54,0
DA:66,0
DA:79,0
DA:82,0
DA:87,0
DA:89,0
DA:90,0
DA:92,0
DA:108,0
DA:109,0
DA:110,0
DA:113,0
DA:114,0
DA:116,0
DA:117,0
DA:118,0
DA:124,0
DA:125,0
DA:126,0
DA:127,0
DA:133,0
DA:134,0
DA:136,0
DA:137,0
DA:143,0
DA:144,0
DA:145,0
DA:146,0
DA:151,0
DA:153,0
DA:154,0
DA:156,0
DA:172,0
DA:173,0
DA:176,0
DA:186,0
DA:198,0
DA:201,0
DA:202,0
DA:205,0
DA:206,0
DA:209,0
DA:211,0
DA:219,0
DA:227,0
DA:228,0
DA:229,0
DA:233,0
DA:242,0
DA:251,0
DA:264,0
DA:268,0
DA:269,0
DA:271,0
DA:301,0
DA:302,0
DA:304,0
DA:306,0
DA:307,0
DA:308,0
DA:315,0
DA:326,2
DA:327,0
DA:328,0
DA:330,0
DA:331,0
DA:338,0
DA:339,0
DA:340,0
DA:347,0
DA:352,0
DA:353,0
DA:360,0
DA:361,0
DA:364,0
DA:365,0
DA:372,0
DA:381,0
DA:385,0
DA:387,0
DA:394,0
DA:395,0
DA:406,2
DA:407,0
DA:408,0
DA:409,0
DA:410,0
DA:411,0
DA:420,0
DA:434,0
DA:447,0
DA:448,0
DA:456,2
LF:112
LH:11
BRDA:22,0,0,0
BRDA:31,1,0,0
BRDA:35,2,0,0
BRDA:35,2,1,0
BRDA:35,3,0,0
BRDA:35,3,1,0
BRDA:35,3,2,0
BRDA:44,4,0,0
BRDA:44,4,1,0
BRDA:53,5,0,0
BRDA:53,5,1,0
BRDA:72,6,0,0
BRDA:72,6,1,0
BRDA:87,7,0,0
BRDA:87,7,1,0
BRDA:113,8,0,0
BRDA:113,8,1,0
BRDA:124,9,0,0
BRDA:124,9,1,0
BRDA:133,10,0,0
BRDA:133,10,1,0
BRDA:134,11,0,0
BRDA:134,11,1,0
BRDA:143,12,0,0
BRDA:143,12,1,0
BRDA:151,13,0,0
BRDA:151,13,1,0
BRDA:151,14,0,0
BRDA:151,14,1,0
BRDA:182,15,0,0
BRDA:182,15,1,0
BRDA:188,16,0,0
BRDA:188,16,1,0
BRDA:227,17,0,0
BRDA:227,17,1,0
BRDA:306,18,0,0
BRDA:306,18,1,0
BRDA:318,19,0,0
BRDA:318,19,1,0
BRDA:328,20,0,0
BRDA:330,21,0,0
BRDA:330,21,1,0
BRDA:330,22,0,0
BRDA:330,22,1,0
BRDA:339,23,0,0
BRDA:339,23,1,0
BRDA:352,24,0,0
BRDA:352,24,1,0
BRDA:398,25,0,0
BRDA:398,25,1,0
BRDA:442,26,0,0
BRDA:442,26,1,0
BRDA:451,27,0,0
BRDA:451,27,1,0
BRF:54
BRH:0
end_of_record
TN:
SF:controllers/leadController.js
FN:7,(anonymous_0)
FN:51,(anonymous_1)
FN:78,(anonymous_2)
FN:96,(anonymous_3)
FN:115,(anonymous_4)
FN:139,(anonymous_5)
FN:158,(anonymous_6)
FN:187,(anonymous_7)
FN:233,(anonymous_8)
FN:265,(anonymous_9)
FN:370,(anonymous_10)
FN:371,(anonymous_11)
FN:427,(anonymous_12)
FN:446,(anonymous_13)
FNF:14
FNH:8
FNDA:2,(anonymous_0)
FNDA:1,(anonymous_1)
FNDA:2,(anonymous_2)
FNDA:1,(anonymous_3)
FNDA:1,(anonymous_4)
FNDA:0,(anonymous_5)
FNDA:1,(anonymous_6)
FNDA:2,(anonymous_7)
FNDA:2,(anonymous_8)
FNDA:0,(anonymous_9)
FNDA:0,(anonymous_10)
FNDA:0,(anonymous_11)
FNDA:0,(anonymous_12)
FNDA:0,(anonymous_13)
DA:1,3
DA:2,3
DA:7,3
DA:8,2
DA:9,2
DA:12,2
DA:13,2
DA:14,2
DA:17,2
DA:18,2
DA:21,2
DA:23,2
DA:29,2
DA:31,2
DA:40,0
DA:51,3
DA:52,1
DA:53,1
DA:55,1
DA:56,1
DA:62,0
DA:67,0
DA:78,3
DA:79,2
DA:80,2
DA:82,1
DA:87,1
DA:89,0
DA:95,1
DA:96,1
DA:97,1
DA:104,0
DA:115,3
DA:116,1
DA:117,1
DA:126,1
DA:127,1
DA:133,0
DA:138,0
DA:139,0
DA:140,0
DA:147,0
DA:158,3
DA:159,1
DA:160,1
DA:162,1
DA:163,1
DA:169,0
DA:171,0
DA:176,0
DA:187,3
DA:188,2
DA:189,2
DA:191,2
DA:192,1
DA:198,1
DA:210,1
DA:211,0
DA:217,1
DA:222,0
DA:233,3
DA:234,2
DA:235,2
DA:237,2
DA:238,1
DA:244,1
DA:248,1
DA:254,0
DA:265,3
DA:266,0
DA:284,0
DA:287,0
DA:288,0
DA:296,0
DA:302,0
DA:303,0
DA:305,0
DA:306,0
DA:307,0
DA:308,0
DA:309,0
DA:310,0
DA:311,0
DA:312,0
DA:314,0
DA:316,0
DA:332,0
DA:349,0
DA:350,0
DA:352,0
DA:355,0
DA:369,0
DA:370,0
DA:372,0
DA:373,0
DA:379,0
DA:381,0
DA:387,0
DA:401,0
DA:416,0
DA:418,0
DA:420,0
DA:426,0
DA:427,0
DA:428,0
DA:435,0
DA:446,3
DA:447,0
DA:450,0
DA:456,0
DA:464,3
LF:111
LH:55
BRDA:9,0,0,2
BRDA:9,1,0,2
BRDA:9,2,0,2
BRDA:9,3,0,2
BRDA:13,4,0,1
BRDA:13,4,1,1
BRDA:14,5,0,0
BRDA:14,5,1,2
BRDA:18,6,0,2
BRDA:18,6,1,0
BRDA:43,7,0,0
BRDA:43,7,1,0
BRDA:55,8,0,1
BRDA:55,8,1,0
BRDA:70,9,0,0
BRDA:70,9,1,0
BRDA:87,10,0,0
BRDA:87,10,1,1
BRDA:95,11,0,1
BRDA:95,11,1,0
BRDA:107,12,0,0
BRDA:107,12,1,0
BRDA:126,13,0,1
BRDA:126,13,1,0
BRDA:138,14,0,0
BRDA:138,14,1,0
BRDA:150,15,0,0
BRDA:150,15,1,0
BRDA:162,16,0,1
BRDA:162,16,1,0
BRDA:179,17,0,0
BRDA:179,17,1,0
BRDA:191,18,0,1
BRDA:191,18,1,1
BRDA:191,19,0,2
BRDA:191,19,1,2
BRDA:210,20,0,0
BRDA:210,20,1,1
BRDA:225,21,0,0
BRDA:225,21,1,0
BRDA:237,22,0,1
BRDA:237,22,1,1
BRDA:257,23,0,0
BRDA:257,23,1,0
BRDA:272,24,0,0
BRDA:287,25,0,0
BRDA:287,25,1,0
BRDA:287,26,0,0
BRDA:287,26,1,0
BRDA:296,27,0,0
BRDA:296,27,1,0
BRDA:296,28,0,0
BRDA:296,28,1,0
BRDA:303,29,0,0
BRDA:303,29,1,0
BRDA:307,30,0,0
BRDA:307,30,1,0
BRDA:308,31,0,0
BRDA:308,31,1,0
BRDA:309,32,0,0
BRDA:309,32,1,0
BRDA:310,33,0,0
BRDA:310,33,1,0
BRDA:311,34,0,0
BRDA:311,34,1,0
BRDA:312,35,0,0
BRDA:312,35,1,0
BRDA:338,36,0,0
BRDA:338,36,1,0
BRDA:349,37,0,0
BRDA:349,37,1,0
BRDA:349,38,0,0
BRDA:349,38,1,0
BRDA:418,39,0,0
BRDA:418,39,1,0
BRDA:426,40,0,0
BRDA:426,40,1,0
BRDA:438,41,0,0
BRDA:438,41,1,0
BRDA:459,42,0,0
BRDA:459,42,1,0
BRF:81
BRH:20
end_of_record
TN:
SF:controllers/meetingController.js
FN:6,(anonymous_0)
FN:68,(anonymous_1)
FN:95,(anonymous_2)
FN:116,(anonymous_3)
FN:133,(anonymous_4)
FN:152,(anonymous_5)
FN:176,(anonymous_6)
FN:195,(anonymous_7)
FN:224,(anonymous_8)
FN:246,(anonymous_9)
FNF:10
FNH:0
FNDA:0,(anonymous_0)
FNDA:0,(anonymous_1)
FNDA:0,(anonymous_2)
FNDA:0,(anonymous_3)
FNDA:0,(anonymous_4)
FNDA:0,(anonymous_5)
FNDA:0,(anonymous_6)
FNDA:0,(anonymous_7)
FNDA:0,(anonymous_8)
FNDA:0,(anonymous_9)
DA:1,2
DA:6,2
DA:7,0
DA:18,0
DA:21,0
DA:22,0
DA:23,0
DA:24,0
DA:27,0
DA:28,0
DA:29,0
DA:30,0
DA:34,0
DA:35,0
DA:38,0
DA:40,0
DA:46,0
DA:48,0
DA:57,0
DA:68,2
DA:69,0
DA:70,0
DA:72,0
DA:73,0
DA:79,0
DA:84,0
DA:95,2
DA:96,0
DA:98,0
DA:99,0
DA:100,0
DA:103,0
DA:112,0
DA:113,0
DA:116,0
DA:125,0
DA:127,0
DA:132,0
DA:133,0
DA:134,0
DA:141,0
DA:152,2
DA:153,0
DA:154,0
DA:163,0
DA:164,0
DA:170,0
DA:175,0
DA:176,0
DA:177,0
DA:184,0
DA:195,2
DA:196,0
DA:197,0
DA:199,0
DA:200,0
DA:206,0
DA:208,0
DA:213,0
DA:224,2
DA:225,0
DA:226,0
DA:227,0
DA:229,0
DA:235,0
DA:246,2
DA:247,0
DA:248,0
DA:250,0
DA:251,0
DA:257,0
DA:263,0
DA:264,0
DA:270,0
DA:275,0
DA:283,2
LF:76
LH:9
BRDA:14,0,0,0
BRDA:15,1,0,0
BRDA:16,2,0,0
BRDA:17,3,0,0
BRDA:22,4,0,0
BRDA:22,4,1,0
BRDA:23,5,0,0
BRDA:23,5,1,0
BRDA:24,6,0,0
BRDA:24,6,1,0
BRDA:27,7,0,0
BRDA:27,7,1,0
BRDA:27,8,0,0
BRDA:27,8,1,0
BRDA:29,9,0,0
BRDA:29,9,1,0
BRDA:30,10,0,0
BRDA:30,10,1,0
BRDA:35,11,0,0
BRDA:35,11,1,0
BRDA:60,12,0,0
BRDA:60,12,1,0
BRDA:72,13,0,0
BRDA:72,13,1,0
BRDA:87,14,0,0
BRDA:87,14,1,0
BRDA:112,15,0,0
BRDA:112,15,1,0
BRDA:132,16,0,0
BRDA:132,16,1,0
BRDA:144,17,0,0
BRDA:144,17,1,0
BRDA:163,18,0,0
BRDA:163,18,1,0
BRDA:175,19,0,0
BRDA:175,19,1,0
BRDA:187,20,0,0
BRDA:187,20,1,0
BRDA:199,21,0,0
BRDA:199,21,1,0
BRDA:216,22,0,0
BRDA:216,22,1,0
BRDA:226,23,0,0
BRDA:226,23,1,0
BRDA:238,24,0,0
BRDA:238,24,1,0
BRDA:250,25,0,0
BRDA:250,25,1,0
BRDA:263,26,0,0
BRDA:263,26,1,0
BRDA:278,27,0,0
BRDA:278,27,1,0
BRF:52
BRH:0
end_of_record
TN:
SF:controllers/propertyController.js
FN:8,(anonymous_0)
FN:57,(anonymous_1)
FN:84,(anonymous_2)
FN:149,(anonymous_3)
FN:168,(anonymous_4)
FN:192,(anonymous_5)
FN:211,(anonymous_6)
FN:240,(anonymous_7)
FNF:8
FNH:5
FNDA:2,(anonymous_0)
FNDA:2,(anonymous_1)
FNDA:2,(anonymous_2)
FNDA:0,(anonymous_3)
FNDA:2,(anonymous_4)
FNDA:0,(anonymous_5)
FNDA:2,(anonymous_6)
FNDA:0,(anonymous_7)
DA:1,3
DA:2,3
DA:3,3
DA:8,3
DA:9,2
DA:10,2
DA:13,2
DA:14,2
DA:15,2
DA:16,2
DA:17,0
DA:18,0
DA:19,0
DA:23,2
DA:24,2
DA:27,2
DA:29,2
DA:35,2
DA:37,2
DA:46,0
DA:57,3
DA:58,2
DA:59,2
DA:61,2
DA:62,1
DA:68,1
DA:73,0
DA:84,3
DA:85,2
DA:86,2
DA:89,2
DA:91,0
DA:92,0
DA:93,0
DA:95,0
DA:96,0
DA:105,0
DA:106,0
DA:108,0
DA:109,0
DA:111,0
DA:121,0
DA:130,0
DA:136,0
DA:137,0
DA:141,0
DA:143,0
DA:148,2
DA:149,0
DA:150,0
DA:157,2
DA:168,3
DA:169,2
DA:170,2
DA:179,2
DA:180,1
DA:186,1
DA:191,0
DA:192,0
DA:193,0
DA:200,0
DA:211,3
DA:212,2
DA:213,2
DA:215,2
DA:216,1
DA:222,1
DA:224,1
DA:229,0
DA:240,3
DA:241,0
DA:242,0
DA:243,0
DA:245,0
DA:246,0
DA:253,0
DA:254,0
DA:255,0
DA:262,0
DA:264,0
DA:265,0
DA:267,0
DA:277,0
DA:286,0
DA:291,0
DA:292,0
DA:299,0
DA:300,0
DA:302,0
DA:304,0
DA:306,0
DA:312,0
DA:313,0
DA:321,3
LF:94
LH:43
BRDA:10,0,0,2
BRDA:10,1,0,2
BRDA:10,2,0,2
BRDA:10,3,0,2
BRDA:14,4,0,1
BRDA:14,4,1,1
BRDA:15,5,0,0
BRDA:15,5,1,2
BRDA:16,6,0,0
BRDA:16,6,1,2
BRDA:16,7,0,2
BRDA:16,7,1,2
BRDA:18,8,0,0
BRDA:18,8,1,0
BRDA:19,9,0,0
BRDA:19,9,1,0
BRDA:24,10,0,2
BRDA:24,10,1,0
BRDA:49,11,0,0
BRDA:49,11,1,0
BRDA:61,12,0,1
BRDA:61,12,1,1
BRDA:76,13,0,0
BRDA:76,13,1,0
BRDA:89,14,0,0
BRDA:89,14,1,0
BRDA:89,15,0,2
BRDA:89,15,1,0
BRDA:91,16,0,0
BRDA:91,16,1,0
BRDA:105,17,0,0
BRDA:105,17,1,0
BRDA:105,18,0,0
BRDA:105,18,1,0
BRDA:124,19,0,0
BRDA:124,19,1,0
BRDA:136,20,0,0
BRDA:136,20,1,0
BRDA:148,21,0,0
BRDA:148,21,1,2
BRDA:160,22,0,0
BRDA:160,22,1,2
BRDA:179,23,0,1
BRDA:179,23,1,1
BRDA:191,24,0,0
BRDA:191,24,1,0
BRDA:203,25,0,0
BRDA:203,25,1,0
BRDA:215,26,0,1
BRDA:215,26,1,1
BRDA:232,27,0,0
BRDA:232,27,1,0
BRDA:245,28,0,0
BRDA:245,28,1,0
BRDA:245,29,0,0
BRDA:245,29,1,0
BRDA:254,30,0,0
BRDA:254,30,1,0
BRDA:280,31,0,0
BRDA:280,31,1,0
BRDA:291,32,0,0
BRDA:291,32,1,0
BRDA:299,33,0,0
BRDA:299,33,1,0
BRDA:316,34,0,0
BRDA:316,34,1,0
BRF:66
BRH:20
end_of_record
TN:
SF:middleware/upload.js
FN:28,(anonymous_0)
FN:31,(anonymous_1)
FN:39,(anonymous_2)
FNF:3
FNH:0
FNDA:0,(anonymous_0)
FNDA:0,(anonymous_1)
FNDA:0,(anonymous_2)
DA:1,2
DA:2,2
DA:3,2
DA:4,2
DA:5,2
DA:8,2
DA:9,2
DA:10,0
DA:14,2
DA:27,2
DA:29,0
DA:33,0
DA:34,0
DA:39,2
DA:41,0
DA:42,0
DA:44,0
DA:49,2
DA:59,2
DA:69,2
LF:20
LH:13
BRDA:9,0,0,0
BRDA:9,0,1,2
BRDA:41,1,0,0
BRDA:41,1,1,0
BRDA:41,2,0,0
BRDA:41,2,1,0
BRF:6
BRH:1
end_of_record
TN:
SF:models/Agent.js
FN:94,(anonymous_0)
FN:100,(anonymous_1)
FN:113,(anonymous_2)
FN:152,(anonymous_3)
FNF:4
FNH:0
FNDA:0,(anonymous_0)
FNDA:0,(anonymous_1)
FNDA:0,(anonymous_2)
FNDA:0,(anonymous_3)
DA:1,2
DA:3,2
DA:91,2
DA:94,2
DA:95,0
DA:96,0
DA:100,2
DA:102,0
DA:103,0
DA:104,0
DA:108,0
DA:109,0
DA:113,2
DA:114,0
DA:115,0
DA:118,0
DA:119,0
DA:121,0
DA:122,0
DA:123,0
DA:125,0
DA:126,0
DA:128,0
DA:129,0
DA:132,0
DA:134,0
DA:135,0
DA:139,0
DA:144,0
DA:145,0
DA:148,0
DA:152,2
DA:153,0
DA:159,2
LF:34
LH:8
BRDA:95,0,0,0
BRDA:95,0,1,0
BRDA:103,1,0,0
BRDA:103,1,1,0
BRDA:109,2,0,0
BRDA:109,2,1,0
BRDA:113,3,0,0
BRDA:113,4,0,0
BRDA:118,5,0,0
BRDA:118,5,1,0
BRDA:121,6,0,0
BRDA:121,6,1,0
BRDA:132,7,0,0
BRDA:132,7,1,0
BRDA:134,8,0,0
BRDA:134,8,1,0
BRF:16
BRH:0
end_of_record
TN:
SF:models/Lead.js
FN:101,(anonymous_0)
FN:106,(anonymous_1)
FN:112,(anonymous_2)
FN:117,(anonymous_3)
FNF:4
FNH:3
FNDA:2,(anonymous_0)
FNDA:0,(anonymous_1)
FNDA:1,(anonymous_2)
FNDA:1,(anonymous_3)
DA:1,3
DA:3,3
DA:96,3
DA:97,3
DA:98,3
DA:101,3
DA:102,2
DA:106,3
DA:107,0
DA:108,0
DA:112,3
DA:113,1
DA:117,3
DA:118,1
DA:121,3
LF:15
LH:13
BRF:0
BRH:0
end_of_record
TN:
SF:models/Meeting.js
FN:18,(anonymous_0)
FN:50,(anonymous_1)
FN:60,(anonymous_2)
FN:68,(anonymous_3)
FN:73,(anonymous_4)
FN:85,(anonymous_5)
FN:95,(anonymous_6)
FNF:7
FNH:0
FNDA:0,(anonymous_0)
FNDA:0,(anonymous_1)
FNDA:0,(anonymous_2)
FNDA:0,(anonymous_3)
FNDA:0,(anonymous_4)
FNDA:0,(anonymous_5)
FNDA:0,(anonymous_6)
DA:1,2
DA:3,2
DA:19,0
DA:45,2
DA:46,2
DA:47,2
DA:50,2
DA:51,0
DA:60,2
DA:61,0
DA:68,2
DA:69,0
DA:73,2
DA:74,0
DA:75,0
DA:78,0
DA:79,0
DA:81,0
DA:85,2
DA:86,0
DA:95,2
DA:96,0
DA:97,0
DA:106,2
LF:24
LH:12
BRDA:69,0,0,0
BRDA:69,0,1,0
BRDA:74,1,0,0
BRDA:74,1,1,0
BRDA:74,2,0,0
BRDA:74,2,1,0
BRDA:81,3,0,0
BRDA:81,3,1,0
BRDA:95,4,0,0
BRF:9
BRH:0
end_of_record
TN:
SF:models/Property.js
FN:94,(anonymous_0)
FN:102,(anonymous_1)
FN:108,(anonymous_2)
FN:113,(anonymous_3)
FNF:4
FNH:1
FNDA:2,(anonymous_0)
FNDA:0,(anonymous_1)
FNDA:0,(anonymous_2)
FNDA:0,(anonymous_3)
DA:1,4
DA:3,4
DA:87,4
DA:88,4
DA:89,4
DA:90,4
DA:91,4
DA:94,4
DA:95,2
DA:96,2
DA:98,0
DA:102,4
DA:103,0
DA:104,0
DA:108,4
DA:109,0
DA:113,4
DA:114,0
DA:119,4
LF:19
LH:14
BRDA:95,0,0,2
BRDA:95,0,1,0
BRDA:95,1,0,2
BRDA:95,1,1,2
BRF:4
BRH:3
end_of_record
TN:
SF:routes/agents.js
FNF:0
FNH:0
DA:1,2
DA:2,2
DA:12,2
DA:17,2
DA:21,2
DA:27,2
DA:28,2
DA:29,2
DA:31,2
LF:9
LH:9
BRF:0
BRH:0
end_of_record
TN:
SF:routes/auth.js
FN:8,(anonymous_0)
FN:37,(anonymous_1)
FN:79,(anonymous_2)
FN:105,(anonymous_3)
FNF:4
FNH:0
FNDA:0,(anonymous_0)
FNDA:0,(anonymous_1)
FNDA:0,(anonymous_2)
FNDA:0,(anonymous_3)
DA:1,2
DA:2,2
DA:3,2
DA:8,2
DA:9,0
DA:10,0
DA:12,0
DA:13,0
DA:19,0
DA:21,0
DA:26,0
DA:27,0
DA:37,2
DA:38,0
DA:39,0
DA:41,0
DA:42,0
DA:49,0
DA:52,0
DA:66,0
DA:67,0
DA:79,2
DA:80,0
DA:81,0
DA:83,0
DA:84,0
DA:90,0
DA:92,0
DA:94,0
DA:95,0
DA:105,2
DA:106,0
DA:107,0
DA:109,0
DA:110,0
DA:117,0
DA:118,0
DA:120,0
DA:122,0
DA:128,0
DA:129,0
DA:136,2
LF:42
LH:8
BRDA:12,0,0,0
BRDA:12,0,1,0
BRDA:41,1,0,0
BRDA:41,1,1,0
BRDA:41,2,0,0
BRDA:41,2,1,0
BRDA:83,3,0,0
BRDA:83,3,1,0
BRDA:109,4,0,0
BRDA:109,4,1,0
BRDA:120,5,0,0
BRDA:120,5,1,0
BRDA:125,6,0,0
BRDA:125,6,1,0
BRF:14
BRH:0
end_of_record
TN:
SF:routes/booking.js
FNF:0
FNH:0
DA:1,2
DA:2,2
DA:7,2
DA:10,2
DA:11,2
DA:14,2
DA:16,2
LF:7
LH:7
BRF:0
BRH:0
end_of_record
TN:
SF:routes/leads.js
FNF:0
FNH:0
DA:1,3
DA:2,3
DA:13,3
DA:18,3
DA:22,3
DA:27,3
DA:30,3
DA:34,3
DA:35,3
DA:37,3
DA:38,3
LF:11
LH:11
BRF:0
BRH:0
end_of_record
TN:
SF:routes/meetings.js
FNF:0
FNH:0
DA:1,2
DA:2,2
DA:11,2
DA:16,2
DA:20,2
DA:26,2
DA:27,2
DA:29,2
LF:8
LH:8
BRF:0
BRH:0
end_of_record
TN:
SF:routes/properties.js
FNF:0
FNH:0
DA:1,2
DA:2,2
DA:10,2
DA:11,2
DA:16,2
DA:20,2
DA:26,2
DA:28,2
LF:8
LH:8
BRF:0
BRH:0
end_of_record
TN:
SF:services/googleCalendar.js
FN:5,(anonymous_0)
FN:16,(anonymous_1)
FN:31,(anonymous_2)
FN:39,(anonymous_3)
FN:66,(anonymous_4)
FN:100,(anonymous_5)
FN:129,(anonymous_6)
FN:152,(anonymous_7)
FN:201,(anonymous_8)
FN:244,(anonymous_9)
FN:264,(anonymous_10)
FNF:11
FNH:1
FNDA:2,(anonymous_0)
FNDA:0,(anonymous_1)
FNDA:0,(anonymous_2)
FNDA:0,(anonymous_3)
FNDA:0,(anonymous_4)
FNDA:0,(anonymous_5)
FNDA:0,(anonymous_6)
FNDA:0,(anonymous_7)
FNDA:0,(anonymous_8)
FNDA:0,(anonymous_9)
FNDA:0,(anonymous_10)
DA:1,2
DA:2,2
DA:6,2
DA:12,2
DA:17,0
DA:22,0
DA:32,0
DA:33,0
DA:34,0
DA:37,0
DA:38,0
DA:39,0
DA:41,0
DA:42,0
DA:46,0
DA:54,0
DA:60,0
DA:61,0
DA:67,0
DA:68,0
DA:70,0
DA:71,0
DA:75,0
DA:76,0
DA:78,0
DA:79,0
DA:85,0
DA:92,0
DA:94,0
DA:95,0
DA:101,0
DA:102,0
DA:104,0
DA:105,0
DA:108,0
DA:112,0
DA:113,0
DA:116,0
DA:121,0
DA:123,0
DA:124,0
DA:130,0
DA:131,0
DA:133,0
DA:141,0
DA:142,0
DA:145,0
DA:147,0
DA:153,0
DA:154,0
DA:155,0
DA:157,0
DA:160,0
DA:161,0
DA:162,0
DA:165,0
DA:166,0
DA:169,0
DA:170,0
DA:171,0
DA:173,0
DA:174,0
DA:176,0
DA:177,0
DA:180,0
DA:182,0
DA:183,0
DA:190,0
DA:193,0
DA:195,0
DA:196,0
DA:202,0
DA:203,0
DA:205,0
DA:226,0
DA:232,0
DA:238,0
DA:239,0
DA:245,0
DA:246,0
DA:248,0
DA:256,0
DA:258,0
DA:259,0
DA:265,0
DA:266,0
DA:275,0
DA:277,0
DA:278,0
DA:283,2
LF:90
LH:5
BRDA:9,0,0,2
BRDA:9,0,1,0
BRDA:9,1,0,0
BRDA:9,1,1,0
BRDA:16,2,0,0
BRDA:41,3,0,0
BRDA:41,3,1,0
BRDA:50,4,0,0
BRDA:50,4,1,0
BRDA:70,5,0,0
BRDA:70,5,1,0
BRDA:70,6,0,0
BRDA:70,6,1,0
BRDA:75,7,0,0
BRDA:75,7,1,0
BRDA:75,8,0,0
BRDA:75,8,1,0
BRDA:88,9,0,0
BRDA:88,9,1,0
BRDA:104,10,0,0
BRDA:104,10,1,0
BRDA:104,11,0,0
BRDA:104,11,1,0
BRDA:118,12,0,0
BRDA:118,12,1,0
BRDA:141,13,0,0
BRDA:141,13,1,0
BRDA:152,14,0,0
BRDA:155,15,0,0
BRDA:155,15,1,0
BRDA:161,16,0,0
BRDA:161,16,1,0
BRDA:182,17,0,0
BRDA:182,17,1,0
BRDA:182,18,0,0
BRDA:182,18,1,0
BRDA:210,19,0,0
BRDA:210,19,1,0
BRDA:214,20,0,0
BRDA:214,20,1,0
BRDA:216,21,0,0
BRDA:216,21,1,0
BRDA:244,22,0,0
BRDA:256,23,0,0
BRDA:256,23,1,0
BRF:45
BRH:1
end_of_record
TN:
SF:services/notificationService.js
FN:5,(anonymous_0)
FN:28,(anonymous_1)
FN:48,(anonymous_2)
FN:71,(anonymous_3)
FN:111,(anonymous_4)
FN:138,(anonymous_5)
FN:147,(anonymous_6)
FN:184,(anonymous_7)
FN:227,(anonymous_8)
FN:232,(anonymous_9)
FN:246,(anonymous_10)
FNF:11
FNH:1
FNDA:2,(anonymous_0)
FNDA:0,(anonymous_1)
FNDA:0,(anonymous_2)
FNDA:0,(anonymous_3)
FNDA:0,(anonymous_4)
FNDA:0,(anonymous_5)
FNDA:0,(anonymous_6)
FNDA:0,(anonymous_7)
FNDA:0,(anonymous_8)
FNDA:0,(anonymous_9)
FNDA:0,(anonymous_10)
DA:1,2
DA:2,2
DA:7,2
DA:16,2
DA:17,0
DA:22,2
DA:23,2
DA:29,0
DA:30,0
DA:38,0
DA:39,0
DA:40,0
DA:42,0
DA:43,0
DA:50,0
DA:51,0
DA:52,0
DA:55,0
DA:56,0
DA:62,0
DA:63,0
DA:65,0
DA:66,0
DA:72,0
DA:74,0
DA:107,0
DA:112,0
DA:114,0
DA:134,0
DA:139,0
DA:141,0
DA:142,0
DA:148,0
DA:150,0
DA:180,0
DA:185,0
DA:187,0
DA:188,0
DA:189,0
DA:197,0
DA:198,0
DA:199,0
DA:207,0
DA:214,0
DA:215,0
DA:223,0
DA:228,0
DA:233,0
DA:234,0
DA:239,0
DA:241,0
DA:247,0
DA:249,0
DA:251,0
DA:256,2
LF:55
LH:7
BRDA:16,0,0,0
BRDA:16,0,1,2
BRDA:16,1,0,2
BRDA:16,1,1,0
BRDA:28,2,0,0
BRDA:35,3,0,0
BRDA:35,3,1,0
BRDA:50,4,0,0
BRDA:50,4,1,0
BRDA:84,5,0,0
BRDA:84,5,1,0
BRDA:111,6,0,0
BRDA:123,7,0,0
BRDA:123,7,1,0
BRDA:138,8,0,0
BRDA:141,9,0,0
BRDA:141,9,1,0
BRDA:158,10,0,0
BRDA:158,10,1,0
BRDA:162,11,0,0
BRDA:162,11,1,0
BRDA:167,12,0,0
BRDA:167,12,1,0
BRDA:168,13,0,0
BRDA:168,13,1,0
BRDA:169,14,0,0
BRDA:169,14,1,0
BRDA:198,15,0,0
BRDA:198,15,1,0
BRF:29
BRH:2
end_of_record
TN:
SF:services/socketService.js
FN:5,(anonymous_0)
FN:11,(anonymous_1)
FN:25,(anonymous_2)
FN:26,(anonymous_3)
FN:30,(anonymous_4)
FN:40,(anonymous_5)
FN:48,(anonymous_6)
FN:53,(anonymous_7)
FN:61,(anonymous_8)
FN:71,(anonymous_9)
FN:76,(anonymous_10)
FN:79,(anonymous_11)
FN:87,(anonymous_12)
FN:88,(anonymous_13)
FN:94,(anonymous_14)
FN:99,(anonymous_15)
FN:104,(anonymous_16)
FNF:17
FNH:3
FNDA:3,(anonymous_0)
FNDA:2,(anonymous_1)
FNDA:2,(anonymous_2)
FNDA:0,(anonymous_3)
FNDA:0,(anonymous_4)
FNDA:0,(anonymous_5)
FNDA:0,(anonymous_6)
FNDA:0,(anonymous_7)
FNDA:0,(anonymous_8)
FNDA:0,(anonymous_9)
FNDA:0,(anonymous_10)
FNDA:0,(anonymous_11)
FNDA:0,(anonymous_12)
FNDA:0,(anonymous_13)
FNDA:0,(anonymous_14)
FNDA:0,(anonymous_15)
FNDA:0,(anonymous_16)
DA:1,3
DA:6,3
DA:7,3
DA:12,2
DA:20,2
DA:21,2
DA:26,2
DA:27,0
DA:30,0
DA:31,0
DA:32,0
DA:33,0
DA:34,0
DA:36,0
DA:40,0
DA:41,0
DA:42,0
DA:43,0
DA:48,0
DA:49,0
DA:53,0
DA:55,0
DA:62,0
DA:63,0
DA:64,0
DA:65,0
DA:67,0
DA:72,0
DA:77,0
DA:79,0
DA:80,0
DA:81,0
DA:88,0
DA:89,0
DA:95,0
DA:100,0
DA:105,0
DA:110,3
DA:112,3
LF:39
LH:9
BRDA:14,0,0,2
BRDA:14,0,1,0
BRDA:41,1,0,0
BRDA:41,1,1,0
BRDA:63,2,0,0
BRDA:63,2,1,0
BRDA:80,3,0,0
BRDA:80,3,1,0
BRF:8
BRH:1
end_of_record
