TN:
SF:server.js
FN:20,(anonymous_0)
FN:25,(anonymous_1)
FN:38,(anonymous_2)
FNF:3
FNH:1
FNDA:0,(anonymous_0)
FNDA:2,(anonymous_1)
FNDA:0,(anonymous_2)
DA:1,1
DA:2,1
DA:3,1
DA:4,1
DA:6,1
DA:7,1
DA:10,1
DA:13,1
DA:14,1
DA:17,1
DA:20,1
DA:21,0
DA:25,1
DA:26,2
DA:34,1
DA:37,1
DA:38,0
DA:39,0
LF:18
LH:15
BRDA:7,0,0,1
BRDA:7,0,1,0
BRDA:37,1,0,0
BRDA:37,1,1,1
BRF:4
BRH:2
end_of_record
TN:
SF:config/database.js
FN:3,(anonymous_0)
FNF:1
FNH:1
FNDA:1,(anonymous_0)
DA:1,1
DA:3,1
DA:4,1
DA:5,1
DA:7,1
DA:13,0
DA:14,0
DA:16,0
DA:17,0
DA:21,1
LF:10
LH:6
BRDA:5,0,0,1
BRDA:5,0,1,1
BRF:2
BRH:2
end_of_record
TN:
SF:controllers/leadController.js
FN:6,(anonymous_0)
FN:50,(anonymous_1)
FN:77,(anonymous_2)
FN:95,(anonymous_3)
FN:114,(anonymous_4)
FN:138,(anonymous_5)
FN:157,(anonymous_6)
FN:186,(anonymous_7)
FN:232,(anonymous_8)
FNF:9
FNH:8
FNDA:2,(anonymous_0)
FNDA:1,(anonymous_1)
FNDA:2,(anonymous_2)
FNDA:1,(anonymous_3)
FNDA:1,(anonymous_4)
FNDA:0,(anonymous_5)
FNDA:1,(anonymous_6)
FNDA:2,(anonymous_7)
FNDA:2,(anonymous_8)
DA:1,2
DA:6,2
DA:7,2
DA:8,2
DA:11,2
DA:12,2
DA:13,2
DA:16,2
DA:17,2
DA:20,2
DA:22,2
DA:28,2
DA:30,2
DA:39,0
DA:50,2
DA:51,1
DA:52,1
DA:54,1
DA:55,1
DA:61,0
DA:66,0
DA:77,2
DA:78,2
DA:79,2
DA:81,1
DA:86,1
DA:88,0
DA:94,1
DA:95,1
DA:96,1
DA:103,0
DA:114,2
DA:115,1
DA:116,1
DA:125,1
DA:126,1
DA:132,0
DA:137,0
DA:138,0
DA:139,0
DA:146,0
DA:157,2
DA:158,1
DA:159,1
DA:161,1
DA:162,1
DA:168,0
DA:170,0
DA:175,0
DA:186,2
DA:187,2
DA:188,2
DA:190,2
DA:191,1
DA:197,1
DA:209,1
DA:210,0
DA:216,1
DA:221,0
DA:232,2
DA:233,2
DA:234,2
DA:236,2
DA:237,1
DA:243,1
DA:247,1
DA:253,0
DA:261,2
LF:68
LH:52
BRDA:8,0,0,2
BRDA:8,1,0,2
BRDA:8,2,0,2
BRDA:8,3,0,2
BRDA:12,4,0,1
BRDA:12,4,1,1
BRDA:13,5,0,0
BRDA:13,5,1,2
BRDA:17,6,0,2
BRDA:17,6,1,0
BRDA:42,7,0,0
BRDA:42,7,1,0
BRDA:54,8,0,1
BRDA:54,8,1,0
BRDA:69,9,0,0
BRDA:69,9,1,0
BRDA:86,10,0,0
BRDA:86,10,1,1
BRDA:94,11,0,1
BRDA:94,11,1,0
BRDA:106,12,0,0
BRDA:106,12,1,0
BRDA:125,13,0,1
BRDA:125,13,1,0
BRDA:137,14,0,0
BRDA:137,14,1,0
BRDA:149,15,0,0
BRDA:149,15,1,0
BRDA:161,16,0,1
BRDA:161,16,1,0
BRDA:178,17,0,0
BRDA:178,17,1,0
BRDA:190,18,0,1
BRDA:190,18,1,1
BRDA:190,19,0,2
BRDA:190,19,1,2
BRDA:209,20,0,0
BRDA:209,20,1,1
BRDA:224,21,0,0
BRDA:224,21,1,0
BRDA:236,22,0,1
BRDA:236,22,1,1
BRDA:256,23,0,0
BRDA:256,23,1,0
BRF:44
BRH:20
end_of_record
TN:
SF:models/Lead.js
FN:92,(anonymous_0)
FN:97,(anonymous_1)
FN:103,(anonymous_2)
FN:108,(anonymous_3)
FNF:4
FNH:3
FNDA:2,(anonymous_0)
FNDA:0,(anonymous_1)
FNDA:1,(anonymous_2)
FNDA:1,(anonymous_3)
DA:1,2
DA:3,2
DA:86,2
DA:87,2
DA:88,2
DA:89,2
DA:92,2
DA:93,2
DA:97,2
DA:98,0
DA:99,0
DA:103,2
DA:104,1
DA:108,2
DA:109,1
DA:112,2
LF:16
LH:14
BRF:0
BRH:0
end_of_record
TN:
SF:routes/leads.js
FNF:0
FNH:0
DA:1,2
DA:2,2
DA:11,2
DA:16,2
DA:20,2
DA:25,2
DA:28,2
DA:31,2
LF:8
LH:8
BRF:0
BRH:0
end_of_record
